<?xml version="1.0" encoding="UTF-8"?>
<!-- Generated by org.testng.reporters.JUnitReportReporter -->
<testsuite hostname="Omsairam" failures="0" tests="1" name="com.qa.tests.login2" time="0.009" errors="0" timestamp="2023-12-02T07:21:56 IST" skipped="0">
  <testcase classname="com.qa.tests.login2" name="login2" time="0.009"/>
</testsuite> <!-- com.qa.tests.login2 -->
