<?xml version="1.0" encoding="UTF-8"?>
<!-- Generated by org.testng.reporters.JUnitReportReporter -->
<testsuite hostname="Omsairam" failures="0" tests="1" name="com.qa.tests.LoginTest" time="0.007" errors="0" timestamp="2023-12-02T07:18:23 IST" skipped="0">
  <testcase classname="com.qa.tests.LoginTest" name="logintest" time="0.007"/>
</testsuite> <!-- com.qa.tests.LoginTest -->
